This is pdfTeX, Version 3.14159265-2.6-1.40.19 (TeX Live 2019/dev/Debian) (preloaded format=pdflatex 2019.2.26)  25 APR 2019 23:46
entering extended mode
 restricted \write18 enabled.
 file:line:error style messages enabled.
 %&-line parsing enabled.
**/home/manish/Desktop/6th_Sem/COL331_OS/A3/Report/main.tex
(/home/manish/Desktop/6th_Sem/COL331_OS/A3/Report/main.tex
LaTeX2e <2018-04-01> patch level 5
(/usr/share/texlive/texmf-dist/tex/latex/base/report.cls
Document Class: report 2014/09/29 v1.4h Standard LaTeX document class
(/usr/share/texlive/texmf-dist/tex/latex/base/size12.clo
File: size12.clo 2014/09/29 v1.4h Standard LaTeX file (size option)
)
\c@part=\count80
\c@chapter=\count81
\c@section=\count82
\c@subsection=\count83
\c@subsubsection=\count84
\c@paragraph=\count85
\c@subparagraph=\count86
\c@figure=\count87
\c@table=\count88
\abovecaptionskip=\skip41
\belowcaptionskip=\skip42
\bibindent=\dimen102
) (/usr/share/texlive/texmf-dist/tex/latex/geometry/geometry.sty
Package: geometry 2018/04/16 v5.8 Page Geometry
 (/usr/share/texlive/texmf-dist/tex/latex/graphics/keyval.sty
Package: keyval 2014/10/28 v1.15 key=value parser (DPC)
\KV@toks@=\toks14
) (/usr/share/texlive/texmf-dist/tex/generic/oberdiek/ifpdf.sty
Package: ifpdf 2017/03/15 v3.2 Provides the ifpdf switch
) (/usr/share/texlive/texmf-dist/tex/generic/oberdiek/ifvtex.sty
Package: ifvtex 2016/05/16 v1.6 Detect VTeX and its facilities (HO)
Package ifvtex Info: VTeX not detected.
) (/usr/share/texlive/texmf-dist/tex/generic/ifxetex/ifxetex.sty
Package: ifxetex 2010/09/12 v0.6 Provides ifxetex conditional
)
\Gm@cnth=\count89
\Gm@cntv=\count90
\c@Gm@tempcnt=\count91
\Gm@bindingoffset=\dimen103
\Gm@wd@mp=\dimen104
\Gm@odd@mp=\dimen105
\Gm@even@mp=\dimen106
\Gm@layoutwidth=\dimen107
\Gm@layoutheight=\dimen108
\Gm@layouthoffset=\dimen109
\Gm@layoutvoffset=\dimen110
\Gm@dimlist=\toks15
) (/usr/share/texlive/texmf-dist/tex/latex/preprint/fullpage.sty
Package: fullpage 1999/02/23 1.1 (PWD)
\FP@margin=\skip43
) (/usr/share/texlive/texmf-dist/tex/latex/fancyhdr/fancyhdr.sty
Package: fancyhdr 2017/06/30 v3.9a Extensive control of page headers and footers
\f@nch@headwidth=\skip44
\f@nch@O@elh=\skip45
\f@nch@O@erh=\skip46
\f@nch@O@olh=\skip47
\f@nch@O@orh=\skip48
\f@nch@O@elf=\skip49
\f@nch@O@erf=\skip50
\f@nch@O@olf=\skip51
\f@nch@O@orf=\skip52
) (/usr/share/texlive/texmf-dist/tex/latex/lastpage/lastpage.sty
Package: lastpage 2015/03/29 v1.2m Refers to last page's name (HMM; JPG)
) (/usr/share/texlive/texmf-dist/tex/latex/graphics/graphicx.sty
Package: graphicx 2017/06/01 v1.1a Enhanced LaTeX Graphics (DPC,SPQR)
 (/usr/share/texlive/texmf-dist/tex/latex/graphics/graphics.sty
Package: graphics 2017/06/25 v1.2c Standard LaTeX Graphics (DPC,SPQR)
 (/usr/share/texlive/texmf-dist/tex/latex/graphics/trig.sty
Package: trig 2016/01/03 v1.10 sin cos tan (DPC)
) (/usr/share/texlive/texmf-dist/tex/latex/graphics-cfg/graphics.cfg
File: graphics.cfg 2016/06/04 v1.11 sample graphics configuration
)
Package graphics Info: Driver file: pdftex.def on input line 99.
 (/usr/share/texlive/texmf-dist/tex/latex/graphics-def/pdftex.def
File: pdftex.def 2018/01/08 v1.0l Graphics/color driver for pdftex
))
\Gin@req@height=\dimen111
\Gin@req@width=\dimen112
) (/usr/share/texlive/texmf-dist/tex/latex/wrapfig/wrapfig.sty
\wrapoverhang=\dimen113
\WF@size=\dimen114
\c@WF@wrappedlines=\count92
\WF@box=\box26
\WF@everypar=\toks16
Package: wrapfig 2003/01/31  v 3.6
) (/usr/share/texlive/texmf-dist/tex/latex/caption/subcaption.sty
Package: subcaption 2018/05/01 v1.1-162 Sub-captions (AR)
 (/usr/share/texlive/texmf-dist/tex/latex/caption/caption.sty
Package: caption 2018/05/01 v3.3-147 Customizing captions (AR)
 (/usr/share/texlive/texmf-dist/tex/latex/caption/caption3.sty
Package: caption3 2018/05/27 v1.8a caption3 kernel (AR)
Package caption3 Info: TeX engine: e-TeX on input line 64.
\captionmargin=\dimen115
\captionmargin@=\dimen116
\captionwidth=\dimen117
\caption@tempdima=\dimen118
\caption@indent=\dimen119
\caption@parindent=\dimen120
\caption@hangindent=\dimen121
)
\c@ContinuedFloat=\count93
Package caption Info: wrapfig package is loaded.
)
\c@subfigure=\count94
\c@subtable=\count95
) (/usr/share/texlive/texmf-dist/tex/latex/setspace/setspace.sty
Package: setspace 2011/12/19 v6.7a set line spacing
) (/usr/share/texlive/texmf-dist/tex/latex/booktabs/booktabs.sty
Package: booktabs 2016/04/27 v1.618033 publication quality tables
\heavyrulewidth=\dimen122
\lightrulewidth=\dimen123
\cmidrulewidth=\dimen124
\belowrulesep=\dimen125
\belowbottomsep=\dimen126
\aboverulesep=\dimen127
\abovetopsep=\dimen128
\cmidrulesep=\dimen129
\cmidrulekern=\dimen130
\defaultaddspace=\dimen131
\@cmidla=\count96
\@cmidlb=\count97
\@aboverulesep=\dimen132
\@belowrulesep=\dimen133
\@thisruleclass=\count98
\@lastruleclass=\count99
\@thisrulewidth=\dimen134
) (/usr/share/texlive/texmf-dist/tex/latex/fourier/fourier.sty
Package: fourier 2005/01/01 1.4 fourier-GUTenberg package
Now handling font encoding FML ...
... no UTF-8 mapping file for font encoding FML
Now handling font encoding FMS ...
... no UTF-8 mapping file for font encoding FMS
Now handling font encoding FMX ...
... no UTF-8 mapping file for font encoding FMX
 (/usr/share/texlive/texmf-dist/tex/latex/base/fontenc.sty
Package: fontenc 2017/04/05 v2.0i Standard LaTeX package
 (/usr/share/texlive/texmf-dist/tex/latex/base/t1enc.def
File: t1enc.def 2017/04/05 v2.0i Standard LaTeX file
LaTeX Font Info:    Redeclaring font encoding T1 on input line 48.
)) (/usr/share/texlive/texmf-dist/tex/latex/base/textcomp.sty
Package: textcomp 2017/04/05 v2.0i Standard LaTeX package
Package textcomp Info: Sub-encoding information:
(textcomp)               5 = only ISO-Adobe without \textcurrency
(textcomp)               4 = 5 + \texteuro
(textcomp)               3 = 4 + \textohm
(textcomp)               2 = 3 + \textestimated + \textcurrency
(textcomp)               1 = TS1 - \textcircled - \t
(textcomp)               0 = TS1 (full)
(textcomp)             Font families with sub-encoding setting implement
(textcomp)             only a restricted character set as indicated.
(textcomp)             Family '?' is the default used for unknown fonts.
(textcomp)             See the documentation for details.
Package textcomp Info: Setting ? sub-encoding to TS1/1 on input line 79.
 (/usr/share/texlive/texmf-dist/tex/latex/base/ts1enc.def
File: ts1enc.def 2001/06/05 v3.0e (jk/car/fm) Standard LaTeX file
Now handling font encoding TS1 ...
... processing UTF-8 mapping file for font encoding TS1
 (/usr/share/texlive/texmf-dist/tex/latex/base/ts1enc.dfu
File: ts1enc.dfu 2018/04/05 v1.2c UTF-8 support for inputenc
   defining Unicode char U+00A2 (decimal 162)
   defining Unicode char U+00A3 (decimal 163)
   defining Unicode char U+00A4 (decimal 164)
   defining Unicode char U+00A5 (decimal 165)
   defining Unicode char U+00A6 (decimal 166)
   defining Unicode char U+00A7 (decimal 167)
   defining Unicode char U+00A8 (decimal 168)
   defining Unicode char U+00A9 (decimal 169)
   defining Unicode char U+00AA (decimal 170)
   defining Unicode char U+00AC (decimal 172)
   defining Unicode char U+00AE (decimal 174)
   defining Unicode char U+00AF (decimal 175)
   defining Unicode char U+00B0 (decimal 176)
   defining Unicode char U+00B1 (decimal 177)
   defining Unicode char U+00B2 (decimal 178)
   defining Unicode char U+00B3 (decimal 179)
   defining Unicode char U+00B4 (decimal 180)
   defining Unicode char U+00B5 (decimal 181)
   defining Unicode char U+00B6 (decimal 182)
   defining Unicode char U+00B7 (decimal 183)
   defining Unicode char U+00B9 (decimal 185)
   defining Unicode char U+00BA (decimal 186)
   defining Unicode char U+00BC (decimal 188)
   defining Unicode char U+00BD (decimal 189)
   defining Unicode char U+00BE (decimal 190)
   defining Unicode char U+00D7 (decimal 215)
   defining Unicode char U+00F7 (decimal 247)
   defining Unicode char U+0192 (decimal 402)
   defining Unicode char U+02C7 (decimal 711)
   defining Unicode char U+02D8 (decimal 728)
   defining Unicode char U+02DD (decimal 733)
   defining Unicode char U+0E3F (decimal 3647)
   defining Unicode char U+2016 (decimal 8214)
   defining Unicode char U+2020 (decimal 8224)
   defining Unicode char U+2021 (decimal 8225)
   defining Unicode char U+2022 (decimal 8226)
   defining Unicode char U+2030 (decimal 8240)
   defining Unicode char U+2031 (decimal 8241)
   defining Unicode char U+203B (decimal 8251)
   defining Unicode char U+203D (decimal 8253)
   defining Unicode char U+2044 (decimal 8260)
   defining Unicode char U+204E (decimal 8270)
   defining Unicode char U+2052 (decimal 8274)
   defining Unicode char U+20A1 (decimal 8353)
   defining Unicode char U+20A4 (decimal 8356)
   defining Unicode char U+20A6 (decimal 8358)
   defining Unicode char U+20A9 (decimal 8361)
   defining Unicode char U+20AB (decimal 8363)
   defining Unicode char U+20AC (decimal 8364)
   defining Unicode char U+20B1 (decimal 8369)
   defining Unicode char U+2103 (decimal 8451)
   defining Unicode char U+2116 (decimal 8470)
   defining Unicode char U+2117 (decimal 8471)
   defining Unicode char U+211E (decimal 8478)
   defining Unicode char U+2120 (decimal 8480)
   defining Unicode char U+2122 (decimal 8482)
   defining Unicode char U+2126 (decimal 8486)
   defining Unicode char U+2127 (decimal 8487)
   defining Unicode char U+212E (decimal 8494)
   defining Unicode char U+2190 (decimal 8592)
   defining Unicode char U+2191 (decimal 8593)
   defining Unicode char U+2192 (decimal 8594)
   defining Unicode char U+2193 (decimal 8595)
   defining Unicode char U+2329 (decimal 9001)
   defining Unicode char U+232A (decimal 9002)
   defining Unicode char U+2422 (decimal 9250)
   defining Unicode char U+25E6 (decimal 9702)
   defining Unicode char U+25EF (decimal 9711)
   defining Unicode char U+266A (decimal 9834)
   defining Unicode char U+FEFF (decimal 65279)
))
LaTeX Info: Redefining \oldstylenums on input line 334.
Package textcomp Info: Setting cmr sub-encoding to TS1/0 on input line 349.
Package textcomp Info: Setting cmss sub-encoding to TS1/0 on input line 350.
Package textcomp Info: Setting cmtt sub-encoding to TS1/0 on input line 351.
Package textcomp Info: Setting cmvtt sub-encoding to TS1/0 on input line 352.
Package textcomp Info: Setting cmbr sub-encoding to TS1/0 on input line 353.
Package textcomp Info: Setting cmtl sub-encoding to TS1/0 on input line 354.
Package textcomp Info: Setting ccr sub-encoding to TS1/0 on input line 355.
Package textcomp Info: Setting ptm sub-encoding to TS1/4 on input line 356.
Package textcomp Info: Setting pcr sub-encoding to TS1/4 on input line 357.
Package textcomp Info: Setting phv sub-encoding to TS1/4 on input line 358.
Package textcomp Info: Setting ppl sub-encoding to TS1/3 on input line 359.
Package textcomp Info: Setting pag sub-encoding to TS1/4 on input line 360.
Package textcomp Info: Setting pbk sub-encoding to TS1/4 on input line 361.
Package textcomp Info: Setting pnc sub-encoding to TS1/4 on input line 362.
Package textcomp Info: Setting pzc sub-encoding to TS1/4 on input line 363.
Package textcomp Info: Setting bch sub-encoding to TS1/4 on input line 364.
Package textcomp Info: Setting put sub-encoding to TS1/5 on input line 365.
Package textcomp Info: Setting uag sub-encoding to TS1/5 on input line 366.
Package textcomp Info: Setting ugq sub-encoding to TS1/5 on input line 367.
Package textcomp Info: Setting ul8 sub-encoding to TS1/4 on input line 368.
Package textcomp Info: Setting ul9 sub-encoding to TS1/4 on input line 369.
Package textcomp Info: Setting augie sub-encoding to TS1/5 on input line 370.
Package textcomp Info: Setting dayrom sub-encoding to TS1/3 on input line 371.
Package textcomp Info: Setting dayroms sub-encoding to TS1/3 on input line 372.
Package textcomp Info: Setting pxr sub-encoding to TS1/0 on input line 373.
Package textcomp Info: Setting pxss sub-encoding to TS1/0 on input line 374.
Package textcomp Info: Setting pxtt sub-encoding to TS1/0 on input line 375.
Package textcomp Info: Setting txr sub-encoding to TS1/0 on input line 376.
Package textcomp Info: Setting txss sub-encoding to TS1/0 on input line 377.
Package textcomp Info: Setting txtt sub-encoding to TS1/0 on input line 378.
Package textcomp Info: Setting lmr sub-encoding to TS1/0 on input line 379.
Package textcomp Info: Setting lmdh sub-encoding to TS1/0 on input line 380.
Package textcomp Info: Setting lmss sub-encoding to TS1/0 on input line 381.
Package textcomp Info: Setting lmssq sub-encoding to TS1/0 on input line 382.
Package textcomp Info: Setting lmvtt sub-encoding to TS1/0 on input line 383.
Package textcomp Info: Setting lmtt sub-encoding to TS1/0 on input line 384.
Package textcomp Info: Setting qhv sub-encoding to TS1/0 on input line 385.
Package textcomp Info: Setting qag sub-encoding to TS1/0 on input line 386.
Package textcomp Info: Setting qbk sub-encoding to TS1/0 on input line 387.
Package textcomp Info: Setting qcr sub-encoding to TS1/0 on input line 388.
Package textcomp Info: Setting qcs sub-encoding to TS1/0 on input line 389.
Package textcomp Info: Setting qpl sub-encoding to TS1/0 on input line 390.
Package textcomp Info: Setting qtm sub-encoding to TS1/0 on input line 391.
Package textcomp Info: Setting qzc sub-encoding to TS1/0 on input line 392.
Package textcomp Info: Setting qhvc sub-encoding to TS1/0 on input line 393.
Package textcomp Info: Setting futs sub-encoding to TS1/4 on input line 394.
Package textcomp Info: Setting futx sub-encoding to TS1/4 on input line 395.
Package textcomp Info: Setting futj sub-encoding to TS1/4 on input line 396.
Package textcomp Info: Setting hlh sub-encoding to TS1/3 on input line 397.
Package textcomp Info: Setting hls sub-encoding to TS1/3 on input line 398.
Package textcomp Info: Setting hlst sub-encoding to TS1/3 on input line 399.
Package textcomp Info: Setting hlct sub-encoding to TS1/5 on input line 400.
Package textcomp Info: Setting hlx sub-encoding to TS1/5 on input line 401.
Package textcomp Info: Setting hlce sub-encoding to TS1/5 on input line 402.
Package textcomp Info: Setting hlcn sub-encoding to TS1/5 on input line 403.
Package textcomp Info: Setting hlcw sub-encoding to TS1/5 on input line 404.
Package textcomp Info: Setting hlcf sub-encoding to TS1/5 on input line 405.
Package textcomp Info: Setting pplx sub-encoding to TS1/3 on input line 406.
Package textcomp Info: Setting pplj sub-encoding to TS1/3 on input line 407.
Package textcomp Info: Setting ptmx sub-encoding to TS1/4 on input line 408.
Package textcomp Info: Setting ptmj sub-encoding to TS1/4 on input line 409.
) (/usr/share/texlive/texmf-dist/tex/latex/fourier/fourier-orns.sty
Package: fourier-orns 2004/01/30 1.1 fourier-ornaments package
)
LaTeX Font Info:    Redeclaring symbol font `operators' on input line 50.
LaTeX Font Info:    Encoding `OT1' has changed to `T1' for symbol font
(Font)              `operators' in the math version `normal' on input line 50.
LaTeX Font Info:    Overwriting symbol font `operators' in version `normal'
(Font)                  OT1/cmr/m/n --> T1/futs/m/n on input line 50.
LaTeX Font Info:    Encoding `OT1' has changed to `T1' for symbol font
(Font)              `operators' in the math version `bold' on input line 50.
LaTeX Font Info:    Overwriting symbol font `operators' in version `bold'
(Font)                  OT1/cmr/bx/n --> T1/futs/m/n on input line 50.
LaTeX Font Info:    Overwriting symbol font `operators' in version `bold'
(Font)                  T1/futs/m/n --> T1/futs/b/n on input line 51.
LaTeX Font Info:    Redeclaring symbol font `letters' on input line 59.
LaTeX Font Info:    Encoding `OML' has changed to `FML' for symbol font
(Font)              `letters' in the math version `normal' on input line 59.
LaTeX Font Info:    Overwriting symbol font `letters' in version `normal'
(Font)                  OML/cmm/m/it --> FML/futmi/m/it on input line 59.
LaTeX Font Info:    Encoding `OML' has changed to `FML' for symbol font
(Font)              `letters' in the math version `bold' on input line 59.
LaTeX Font Info:    Overwriting symbol font `letters' in version `bold'
(Font)                  OML/cmm/b/it --> FML/futmi/m/it on input line 59.
\symotherletters=\mathgroup4
LaTeX Font Info:    Overwriting symbol font `letters' in version `bold'
(Font)                  FML/futmi/m/it --> FML/futmi/b/it on input line 61.
LaTeX Font Info:    Overwriting symbol font `otherletters' in version `bold'
(Font)                  FML/futm/m/it --> FML/futm/b/it on input line 62.
LaTeX Font Info:    Redeclaring math symbol \Gamma on input line 63.
LaTeX Font Info:    Redeclaring math symbol \Delta on input line 64.
LaTeX Font Info:    Redeclaring math symbol \Theta on input line 65.
LaTeX Font Info:    Redeclaring math symbol \Lambda on input line 66.
LaTeX Font Info:    Redeclaring math symbol \Xi on input line 67.
LaTeX Font Info:    Redeclaring math symbol \Pi on input line 68.
LaTeX Font Info:    Redeclaring math symbol \Sigma on input line 69.
LaTeX Font Info:    Redeclaring math symbol \Upsilon on input line 70.
LaTeX Font Info:    Redeclaring math symbol \Phi on input line 71.
LaTeX Font Info:    Redeclaring math symbol \Psi on input line 72.
LaTeX Font Info:    Redeclaring math symbol \Omega on input line 73.
LaTeX Font Info:    Redeclaring symbol font `symbols' on input line 113.
LaTeX Font Info:    Encoding `OMS' has changed to `FMS' for symbol font
(Font)              `symbols' in the math version `normal' on input line 113.
LaTeX Font Info:    Overwriting symbol font `symbols' in version `normal'
(Font)                  OMS/cmsy/m/n --> FMS/futm/m/n on input line 113.
LaTeX Font Info:    Encoding `OMS' has changed to `FMS' for symbol font
(Font)              `symbols' in the math version `bold' on input line 113.
LaTeX Font Info:    Overwriting symbol font `symbols' in version `bold'
(Font)                  OMS/cmsy/b/n --> FMS/futm/m/n on input line 113.
LaTeX Font Info:    Redeclaring symbol font `largesymbols' on input line 114.
LaTeX Font Info:    Encoding `OMX' has changed to `FMX' for symbol font
(Font)              `largesymbols' in the math version `normal' on input line 114.
LaTeX Font Info:    Overwriting symbol font `largesymbols' in version `normal'
(Font)                  OMX/cmex/m/n --> FMX/futm/m/n on input line 114.
LaTeX Font Info:    Encoding `OMX' has changed to `FMX' for symbol font
(Font)              `largesymbols' in the math version `bold' on input line 114.
LaTeX Font Info:    Overwriting symbol font `largesymbols' in version `bold'
(Font)                  OMX/cmex/m/n --> FMX/futm/m/n on input line 114.
LaTeX Font Info:    Redeclaring math alphabet \mathbf on input line 115.
LaTeX Font Info:    Overwriting math alphabet `\mathbf' in version `normal'
(Font)                  OT1/cmr/bx/n --> T1/futs/bx/n on input line 115.
LaTeX Font Info:    Overwriting math alphabet `\mathbf' in version `bold'
(Font)                  OT1/cmr/bx/n --> T1/futs/bx/n on input line 115.
LaTeX Font Info:    Redeclaring math alphabet \mathrm on input line 116.
LaTeX Font Info:    Redeclaring math alphabet \mathit on input line 117.
LaTeX Font Info:    Overwriting math alphabet `\mathit' in version `normal'
(Font)                  OT1/cmr/m/it --> T1/futs/m/it on input line 117.
LaTeX Font Info:    Overwriting math alphabet `\mathit' in version `bold'
(Font)                  OT1/cmr/bx/it --> T1/futs/m/it on input line 117.
LaTeX Font Info:    Redeclaring math alphabet \mathcal on input line 118.
LaTeX Font Info:    Redeclaring math symbol \parallel on input line 134.
LaTeX Font Info:    Redeclaring math symbol \hbar on input line 148.
LaTeX Font Info:    Redeclaring math symbol \varkappa on input line 186.
LaTeX Font Info:    Redeclaring math symbol \varvarrho on input line 187.
LaTeX Font Info:    Redeclaring math delimiter \Vert on input line 210.
LaTeX Font Info:    Redeclaring math delimiter \vert on input line 215.
LaTeX Font Info:    Redeclaring math delimiter \Downarrow on input line 225.
LaTeX Font Info:    Redeclaring math delimiter \backslash on input line 227.
LaTeX Font Info:    Redeclaring math delimiter \rangle on input line 229.
LaTeX Font Info:    Redeclaring math delimiter \langle on input line 231.
LaTeX Font Info:    Redeclaring math delimiter \rbrace on input line 233.
LaTeX Font Info:    Redeclaring math delimiter \lbrace on input line 235.
LaTeX Font Info:    Redeclaring math delimiter \rceil on input line 237.
LaTeX Font Info:    Redeclaring math delimiter \lceil on input line 239.
LaTeX Font Info:    Redeclaring math delimiter \rfloor on input line 241.
LaTeX Font Info:    Redeclaring math delimiter \lfloor on input line 243.
LaTeX Font Info:    Redeclaring math accent \acute on input line 247.
LaTeX Font Info:    Redeclaring math accent \grave on input line 248.
LaTeX Font Info:    Redeclaring math accent \ddot on input line 249.
LaTeX Font Info:    Redeclaring math accent \tilde on input line 250.
LaTeX Font Info:    Redeclaring math accent \bar on input line 251.
LaTeX Font Info:    Redeclaring math accent \breve on input line 252.
LaTeX Font Info:    Redeclaring math accent \check on input line 253.
LaTeX Font Info:    Redeclaring math accent \hat on input line 254.
LaTeX Font Info:    Redeclaring math accent \dot on input line 255.
LaTeX Font Info:    Redeclaring math accent \mathring on input line 256.
\symUfutm=\mathgroup5
) (/usr/share/texlive/texmf-dist/tex/latex/microtype/microtype.sty
Package: microtype 2018/01/14 v2.7a Micro-typographical refinements (RS)
\MT@toks=\toks17
\MT@count=\count100
LaTeX Info: Redefining \textls on input line 793.
\MT@outer@kern=\dimen135
LaTeX Info: Redefining \textmicrotypecontext on input line 1339.
\MT@listname@count=\count101
 (/usr/share/texlive/texmf-dist/tex/latex/microtype/microtype-pdftex.def
File: microtype-pdftex.def 2018/01/14 v2.7a Definitions specific to pdftex (RS)
LaTeX Info: Redefining \lsstyle on input line 913.
LaTeX Info: Redefining \lslig on input line 913.
\MT@outer@space=\skip53
)
Package microtype Info: Loading configuration file microtype.cfg.
 (/usr/share/texlive/texmf-dist/tex/latex/microtype/microtype.cfg
File: microtype.cfg 2018/01/14 v2.7a microtype main configuration file (RS)
)) (/usr/share/texlive/texmf-dist/tex/generic/babel/babel.sty
Package: babel 2018/06/05 3.22 The Babel package
 (/usr/share/texlive/texmf-dist/tex/generic/babel/switch.def
File: switch.def 2018/06/05 3.22 Babel switching mechanism
) (/usr/share/texlive/texmf-dist/tex/generic/babel-english/english.ldf
Language: english 2017/06/06 v3.3r English support from the babel system
 (/usr/share/texlive/texmf-dist/tex/generic/babel/babel.def
File: babel.def 2018/06/05 3.22 Babel common definitions
\babel@savecnt=\count102
\U@D=\dimen136
 (/usr/share/texlive/texmf-dist/tex/generic/babel/txtbabel.def)
\bbl@dirlevel=\count103
)
\l@british = a dialect from \language\l@english 
\l@UKenglish = a dialect from \language\l@english 
\l@canadian = a dialect from \language\l@american 
\l@australian = a dialect from \language\l@british 
\l@newzealand = a dialect from \language\l@british 
)) (/usr/share/texlive/texmf-dist/tex/latex/sectsty/sectsty.sty
Package: sectsty 2002/02/25 v2.0.2 Commands to change all sectional heading styles
) (/usr/share/texlive/texmf-dist/tex/latex/url/url.sty
\Urlmuskip=\muskip10
Package: url 2013/09/16  ver 3.4  Verb mode for urls, etc.
) (/usr/share/texlive/texmf-dist/tex/latex/lipsum/lipsum.sty
Package: lipsum 2014/07/27 v1.3 150 paragraphs of Lorem Ipsum dummy text
\c@lips@count=\count104
) (/usr/share/texmf/tex/latex/tex-gyre/tgbonum.sty
Package: tgbonum 2009/09/27 v1.2 TeX Gyre Bonum as default roman family
 (/usr/share/texlive/texmf-dist/tex/latex/oberdiek/kvoptions.sty
Package: kvoptions 2016/05/16 v3.12 Key value format for package options (HO)
 (/usr/share/texlive/texmf-dist/tex/generic/oberdiek/ltxcmds.sty
Package: ltxcmds 2016/05/16 v1.23 LaTeX kernel commands for general use (HO)
) (/usr/share/texlive/texmf-dist/tex/generic/oberdiek/kvsetkeys.sty
Package: kvsetkeys 2016/05/16 v1.17 Key value parser (HO)
 (/usr/share/texlive/texmf-dist/tex/generic/oberdiek/infwarerr.sty
Package: infwarerr 2016/05/16 v1.4 Providing info/warning/error messages (HO)
) (/usr/share/texlive/texmf-dist/tex/generic/oberdiek/etexcmds.sty
Package: etexcmds 2016/05/16 v1.6 Avoid name clashes with e-TeX commands (HO)
 (/usr/share/texlive/texmf-dist/tex/generic/oberdiek/ifluatex.sty
Package: ifluatex 2016/05/16 v1.4 Provides the ifluatex switch (HO)
Package ifluatex Info: LuaTeX not detected.
))))) (/usr/share/texlive/texmf-dist/tex/latex/hyperref/hyperref.sty
Package: hyperref 2018/02/06 v6.86b Hypertext links for LaTeX
 (/usr/share/texlive/texmf-dist/tex/generic/oberdiek/hobsub-hyperref.sty
Package: hobsub-hyperref 2016/05/16 v1.14 Bundle oberdiek, subset hyperref (HO)
 (/usr/share/texlive/texmf-dist/tex/generic/oberdiek/hobsub-generic.sty
Package: hobsub-generic 2016/05/16 v1.14 Bundle oberdiek, subset generic (HO)
Package: hobsub 2016/05/16 v1.14 Construct package bundles (HO)
Package hobsub Info: Skipping package `infwarerr' (already loaded).
Package hobsub Info: Skipping package `ltxcmds' (already loaded).
Package hobsub Info: Skipping package `ifluatex' (already loaded).
Package hobsub Info: Skipping package `ifvtex' (already loaded).
Package: intcalc 2016/05/16 v1.2 Expandable calculations with integers (HO)
Package hobsub Info: Skipping package `ifpdf' (already loaded).
Package hobsub Info: Skipping package `etexcmds' (already loaded).
Package hobsub Info: Skipping package `kvsetkeys' (already loaded).
Package: kvdefinekeys 2016/05/16 v1.4 Define keys (HO)
Package: pdftexcmds 2018/01/30 v0.27 Utility functions of pdfTeX for LuaTeX (HO)
Package pdftexcmds Info: LuaTeX not detected.
Package pdftexcmds Info: \pdf@primitive is available.
Package pdftexcmds Info: \pdf@ifprimitive is available.
Package pdftexcmds Info: \pdfdraftmode found.
Package: pdfescape 2016/05/16 v1.14 Implements pdfTeX's escape features (HO)
Package: bigintcalc 2016/05/16 v1.4 Expandable calculations on big integers (HO)
Package: bitset 2016/05/16 v1.2 Handle bit-vector datatype (HO)
Package: uniquecounter 2016/05/16 v1.3 Provide unlimited unique counter (HO)
)
Package hobsub Info: Skipping package `hobsub' (already loaded).
Package: letltxmacro 2016/05/16 v1.5 Let assignment for LaTeX macros (HO)
Package: hopatch 2016/05/16 v1.3 Wrapper for package hooks (HO)
Package: xcolor-patch 2016/05/16 xcolor patch
Package: atveryend 2016/05/16 v1.9 Hooks at the very end of document (HO)
Package atveryend Info: \enddocument detected (standard20110627).
Package: atbegshi 2016/06/09 v1.18 At begin shipout hook (HO)
Package: refcount 2016/05/16 v3.5 Data extraction from label references (HO)
Package: hycolor 2016/05/16 v1.8 Color options for hyperref/bookmark (HO)
) (/usr/share/texlive/texmf-dist/tex/latex/oberdiek/auxhook.sty
Package: auxhook 2016/05/16 v1.4 Hooks for auxiliary files (HO)
)
\@linkdim=\dimen137
\Hy@linkcounter=\count105
\Hy@pagecounter=\count106
 (/usr/share/texlive/texmf-dist/tex/latex/hyperref/pd1enc.def
File: pd1enc.def 2018/02/06 v6.86b Hyperref: PDFDocEncoding definition (HO)
Now handling font encoding PD1 ...
... no UTF-8 mapping file for font encoding PD1
)
\Hy@SavedSpaceFactor=\count107
 (/usr/share/texlive/texmf-dist/tex/latex/latexconfig/hyperref.cfg
File: hyperref.cfg 2002/06/06 v1.2 hyperref configuration of TeXLive
)
Package hyperref Info: Hyper figures OFF on input line 4509.
Package hyperref Info: Link nesting OFF on input line 4514.
Package hyperref Info: Hyper index ON on input line 4517.
Package hyperref Info: Plain pages OFF on input line 4524.
Package hyperref Info: Backreferencing OFF on input line 4529.
Package hyperref Info: Implicit mode ON; LaTeX internals redefined.
Package hyperref Info: Bookmarks ON on input line 4762.
\c@Hy@tempcnt=\count108
LaTeX Info: Redefining \url on input line 5115.
\XeTeXLinkMargin=\dimen138
\Fld@menulength=\count109
\Field@Width=\dimen139
\Fld@charsize=\dimen140
Package hyperref Info: Hyper figures OFF on input line 6369.
Package hyperref Info: Link nesting OFF on input line 6374.
Package hyperref Info: Hyper index ON on input line 6377.
Package hyperref Info: backreferencing OFF on input line 6384.
Package hyperref Info: Link coloring OFF on input line 6389.
Package hyperref Info: Link coloring with OCG OFF on input line 6394.
Package hyperref Info: PDF/A mode OFF on input line 6399.
LaTeX Info: Redefining \ref on input line 6439.
LaTeX Info: Redefining \pageref on input line 6443.
\Hy@abspage=\count110
\c@Item=\count111
\c@Hfootnote=\count112
)
Package hyperref Info: Driver (autodetected): hpdftex.
 (/usr/share/texlive/texmf-dist/tex/latex/hyperref/hpdftex.def
File: hpdftex.def 2018/02/06 v6.86b Hyperref driver for pdfTeX
\Fld@listcount=\count113
\c@bookmark@seq@number=\count114
 (/usr/share/texlive/texmf-dist/tex/latex/oberdiek/rerunfilecheck.sty
Package: rerunfilecheck 2016/05/16 v1.8 Rerun checks for auxiliary files (HO)
Package uniquecounter Info: New unique counter `rerunfilecheck' on input line 282.
)
\Hy@SectionHShift=\skip54
) (/usr/share/texlive/texmf-dist/tex/latex/graphics/color.sty
Package: color 2016/07/10 v1.1e Standard LaTeX Color (DPC)
 (/usr/share/texlive/texmf-dist/tex/latex/graphics-cfg/color.cfg
File: color.cfg 2016/01/02 v1.6 sample color configuration
)
Package color Info: Driver file: pdftex.def on input line 147.
) (/usr/share/texlive/texmf-dist/tex/latex/listings/listings.sty
\lst@mode=\count115
\lst@gtempboxa=\box27
\lst@token=\toks18
\lst@length=\count116
\lst@currlwidth=\dimen141
\lst@column=\count117
\lst@pos=\count118
\lst@lostspace=\dimen142
\lst@width=\dimen143
\lst@newlines=\count119
\lst@lineno=\count120
\lst@maxwidth=\dimen144
 (/usr/share/texlive/texmf-dist/tex/latex/listings/lstmisc.sty
File: lstmisc.sty 2015/06/04 1.6 (Carsten Heinz)
\c@lstnumber=\count121
\lst@skipnumbers=\count122
\lst@framebox=\box28
) (/usr/share/texlive/texmf-dist/tex/latex/listings/listings.cfg
File: listings.cfg 2015/06/04 1.6 listings configuration
))
Package: listings 2015/06/04 1.6 (Carsten Heinz)
LaTeX Font Info:    Try loading font information for T1+qbk on input line 46.
 (/usr/share/texmf/tex/latex/tex-gyre/t1qbk.fd
File: t1qbk.fd 2009/09/25 v1.2 font definition file for T1/qbk
) (/home/manish/Desktop/6th_Sem/COL331_OS/A3/Report/main.aux)
\openout1 = `main.aux'.

LaTeX Font Info:    Checking defaults for OML/cmm/m/it on input line 65.
LaTeX Font Info:    ... okay on input line 65.
LaTeX Font Info:    Checking defaults for T1/cmr/m/n on input line 65.
LaTeX Font Info:    ... okay on input line 65.
LaTeX Font Info:    Checking defaults for OT1/cmr/m/n on input line 65.
LaTeX Font Info:    ... okay on input line 65.
LaTeX Font Info:    Checking defaults for OMS/cmsy/m/n on input line 65.
LaTeX Font Info:    ... okay on input line 65.
LaTeX Font Info:    Checking defaults for OMX/cmex/m/n on input line 65.
LaTeX Font Info:    ... okay on input line 65.
LaTeX Font Info:    Checking defaults for U/cmr/m/n on input line 65.
LaTeX Font Info:    ... okay on input line 65.
LaTeX Font Info:    Checking defaults for FML/futm/m/it on input line 65.
LaTeX Font Info:    Try loading font information for FML+futm on input line 65.
 (/usr/share/texlive/texmf-dist/tex/latex/fourier/fmlfutm.fd
File: fmlfutm.fd 2004/10/30 Fontinst v1.926 font definitions for FML/futm.
)
LaTeX Font Info:    ... okay on input line 65.
LaTeX Font Info:    Checking defaults for FMS/futm/m/n on input line 65.
LaTeX Font Info:    Try loading font information for FMS+futm on input line 65.
 (/usr/share/texlive/texmf-dist/tex/latex/fourier/fmsfutm.fd
File: fmsfutm.fd 2004/10/30 Fontinst v1.926 font definitions for FMS/futm.
)
LaTeX Font Info:    ... okay on input line 65.
LaTeX Font Info:    Checking defaults for FMX/futm/m/n on input line 65.
LaTeX Font Info:    Try loading font information for FMX+futm on input line 65.
 (/usr/share/texlive/texmf-dist/tex/latex/fourier/fmxfutm.fd
File: fmxfutm.fd futm-extension
)
LaTeX Font Info:    ... okay on input line 65.
LaTeX Font Info:    Checking defaults for TS1/cmr/m/n on input line 65.
LaTeX Font Info:    Try loading font information for TS1+cmr on input line 65.
 (/usr/share/texlive/texmf-dist/tex/latex/base/ts1cmr.fd
File: ts1cmr.fd 2014/09/29 v2.5h Standard LaTeX font definitions
)
LaTeX Font Info:    ... okay on input line 65.
LaTeX Font Info:    Checking defaults for PD1/pdf/m/n on input line 65.
LaTeX Font Info:    ... okay on input line 65.

*geometry* driver: auto-detecting
*geometry* detected driver: pdftex
*geometry* verbose mode - [ preamble ] result:
* driver: pdftex
* paper: a4paper
* layout: <same size as paper>
* layoutoffset:(h,v)=(0.0pt,0.0pt)
* modes: 
* h-part:(L,W,R)=(89.62709pt, 418.25368pt, 89.6271pt)
* v-part:(T,H,B)=(101.40665pt, 591.5302pt, 152.11pt)
* \paperwidth=597.50787pt
* \paperheight=845.04684pt
* \textwidth=452.9679pt
* \textheight=633.50687pt
* \oddsidemargin=0.0pt
* \evensidemargin=0.0pt
* \topmargin=0.0pt
* \headheight=12.0pt
* \headsep=25.0pt
* \topskip=12.0pt
* \footskip=30.0pt
* \marginparwidth=44.0pt
* \marginparsep=10.0pt
* \columnsep=10.0pt
* \skip\footins=10.8pt plus 4.0pt minus 2.0pt
* \hoffset=0.0pt
* \voffset=0.0pt
* \mag=1000
* \@twocolumnfalse
* \@twosidefalse
* \@mparswitchfalse
* \@reversemarginfalse
* (1in=72.27pt=25.4mm, 1cm=28.453pt)

Package lastpage Info: Please have a look at the pageslts package at
(lastpage)             https://www.ctan.org/pkg/pageslts
(lastpage)             ! on input line 65.
(/usr/share/texlive/texmf-dist/tex/context/base/mkii/supp-pdf.mkii
[Loading MPS to PDF converter (version 2006.09.02).]
\scratchcounter=\count123
\scratchdimen=\dimen145
\scratchbox=\box29
\nofMPsegments=\count124
\nofMParguments=\count125
\everyMPshowfont=\toks19
\MPscratchCnt=\count126
\MPscratchDim=\dimen146
\MPnumerator=\count127
\makeMPintoPDFobject=\count128
\everyMPtoPDFconversion=\toks20
) (/usr/share/texlive/texmf-dist/tex/latex/oberdiek/epstopdf-base.sty
Package: epstopdf-base 2016/05/15 v2.6 Base part for package epstopdf
 (/usr/share/texlive/texmf-dist/tex/latex/oberdiek/grfext.sty
Package: grfext 2016/05/16 v1.2 Manage graphics extensions (HO)
)
Package epstopdf-base Info: Redefining graphics rule for `.eps' on input line 438.
Package grfext Info: Graphics extension search list:
(grfext)             [.pdf,.png,.jpg,.mps,.jpeg,.jbig2,.jb2,.PDF,.PNG,.JPG,.JPEG,.JBIG2,.JB2,.eps]
(grfext)             \AppendGraphicsExtensions on input line 456.
 (/usr/share/texlive/texmf-dist/tex/latex/latexconfig/epstopdf-sys.cfg
File: epstopdf-sys.cfg 2010/07/13 v1.3 Configuration of (r)epstopdf for TeX Live
))
Package caption Info: Begin \AtBeginDocument code.
Package caption Info: hyperref package is loaded.
Package caption Info: listings package is loaded.
Package caption Info: End \AtBeginDocument code.
LaTeX Info: Redefining \microtypecontext on input line 65.
Package microtype Info: Generating PDF output.
Package microtype Info: Character protrusion enabled (level 2).
Package microtype Info: Using default protrusion set `alltext'.
Package microtype Info: Automatic font expansion enabled (level 2),
(microtype)             stretch: 20, shrink: 20, step: 1, non-selected.
Package microtype Info: Using default expansion set `basictext'.
Package microtype Info: No adjustment of tracking.
Package microtype Info: No adjustment of interword spacing.
Package microtype Info: No adjustment of character kerning.
Package microtype Info: Loading generic protrusion settings for font family
(microtype)             `qbk' (encoding: T1).
(microtype)             For optimal results, create family-specific settings.
(microtype)             See the microtype manual for details.
\AtBeginShipoutBox=\box30
Package hyperref Info: Link coloring OFF on input line 65.
 (/usr/share/texlive/texmf-dist/tex/latex/hyperref/nameref.sty
Package: nameref 2016/05/21 v2.44 Cross-referencing by name of section
 (/usr/share/texlive/texmf-dist/tex/generic/oberdiek/gettitlestring.sty
Package: gettitlestring 2016/05/16 v1.5 Cleanup title references (HO)
)
\c@section@level=\count129
)
LaTeX Info: Redefining \ref on input line 65.
LaTeX Info: Redefining \pageref on input line 65.
LaTeX Info: Redefining \nameref on input line 65.
 (/home/manish/Desktop/6th_Sem/COL331_OS/A3/Report/main.out) (/home/manish/Desktop/6th_Sem/COL331_OS/A3/Report/main.out)
\@outlinefile=\write3
\openout3 = `main.out'.

\c@lstlisting=\count130
 (/usr/share/texlive/texmf-dist/tex/latex/microtype/mt-cmr.cfg
File: mt-cmr.cfg 2013/05/19 v2.2 microtype config. file: Computer Modern Roman (RS)
)
LaTeX Font Info:    Try loading font information for T1+futs on input line 83.
 (/usr/share/texlive/texmf-dist/tex/latex/fourier/t1futs.fd
File: t1futs.fd 2004/03/02 Fontinst v1.926 font definitions for T1/futs.
)
Package microtype Info: Loading generic protrusion settings for font family
(microtype)             `futs' (encoding: T1).
(microtype)             For optimal results, create family-specific settings.
(microtype)             See the microtype manual for details.
LaTeX Font Info:    Try loading font information for FML+futmi on input line 83.
 (/usr/share/texlive/texmf-dist/tex/latex/fourier/fmlfutmi.fd
File: fmlfutmi.fd 2004/10/30 Fontinst v1.926 font definitions for FML/futmi.
)
LaTeX Font Info:    Font shape `FMX/futm/m/n' will be
(Font)              scaled to size 13.24796pt on input line 83.
LaTeX Font Info:    Font shape `FMX/futm/m/n' will be
(Font)              scaled to size 9.19998pt on input line 83.
LaTeX Font Info:    Font shape `FMX/futm/m/n' will be
(Font)              scaled to size 7.35999pt on input line 83.
LaTeX Font Info:    Font shape `U/futm/m/n' will be
(Font)              scaled to size 13.24796pt on input line 83.
LaTeX Font Info:    Font shape `U/futm/m/n' will be
(Font)              scaled to size 9.19998pt on input line 83.
LaTeX Font Info:    Font shape `U/futm/m/n' will be
(Font)              scaled to size 7.35999pt on input line 83.
 [1

{/var/lib/texmf/fonts/map/pdftex/updmap/pdftex.map}] (/home/manish/Desktop/6th_Sem/COL331_OS/A3/Report/intro.tex
Underfull \hbox (badness 10000) in paragraph at lines 6--7

 []

(/usr/share/texlive/texmf-dist/tex/latex/listings/lstlang1.sty
File: lstlang1.sty 2015/06/04 1.6 listings language file
) (/usr/share/texlive/texmf-dist/tex/latex/listings/lstmisc.sty
File: lstmisc.sty 2015/06/04 1.6 (Carsten Heinz)
)
Package hyperref Info: bookmark level for unknown lstlisting defaults to 0 on input line 9.
 (/home/manish/Desktop/6th_Sem/COL331_OS/A3/Report/struct1.c) (/home/manish/Desktop/6th_Sem/COL331_OS/A3/Report/f4.c)
LaTeX Font Info:    Try loading font information for T1+cmtt on input line 17.
 (/usr/share/texlive/texmf-dist/tex/latex/base/t1cmtt.fd
File: t1cmtt.fd 2014/09/29 v2.5h Standard LaTeX font definitions
)
Package microtype Info: Loading generic protrusion settings for font family
(microtype)             `cmtt' (encoding: T1).
(microtype)             For optimal results, create family-specific settings.
(microtype)             See the microtype manual for details.
LaTeX Font Info:    Font shape `FMX/futm/m/n' will be
(Font)              scaled to size 11.03998pt on input line 17.
LaTeX Font Info:    Font shape `FMX/futm/m/n' will be
(Font)              scaled to size 8.27998pt on input line 17.
LaTeX Font Info:    Font shape `FMX/futm/m/n' will be
(Font)              scaled to size 6.43999pt on input line 17.
LaTeX Font Info:    Font shape `U/futm/m/n' will be
(Font)              scaled to size 11.03998pt on input line 17.
LaTeX Font Info:    Font shape `U/futm/m/n' will be
(Font)              scaled to size 8.27998pt on input line 17.
LaTeX Font Info:    Font shape `U/futm/m/n' will be
(Font)              scaled to size 6.43999pt on input line 17.
) (/home/manish/Desktop/6th_Sem/COL331_OS/A3/Report/con_manager.tex (/home/manish/Desktop/6th_Sem/COL331_OS/A3/Report/f1.c)

LaTeX Font Warning: Font shape `T1/qbk/m/sl' in size <12> not available
(Font)              Font shape `T1/qbk/m/it' tried instead on input line 7.

pdfTeX warning (ext4): destination with the same identifier (name{page.1}) has been already used, duplicate ignored
<to be read again> 
                   \relax 
l.7             \item C
                       reation also initialises local fields marker for roun... [1]) [2] (/home/manish/Desktop/6th_Sem/COL331_OS/A3/Report/vir_sched.tex (/home/manish/Desktop/6th_Sem/COL331_OS/A3/Report/f2.c) (/home/manish/Desktop/6th_Sem/COL331_OS/A3/Report/f3.c)) (/home/manish/Desktop/6th_Sem/COL331_OS/A3/Report/res_iso.tex

LaTeX Font Warning: Font shape `T1/cmtt/b/n' undefined
(Font)              using `T1/cmtt/m/n' instead on input line 1.

[3]) [4] 
AED: lastpage setting LastPage
[5]
Package atveryend Info: Empty hook `BeforeClearDocument' on input line 134.
Package atveryend Info: Empty hook `AfterLastShipout' on input line 134.
 (/home/manish/Desktop/6th_Sem/COL331_OS/A3/Report/main.aux)
Package atveryend Info: Executing hook `AtVeryEndDocument' on input line 134.
Package atveryend Info: Executing hook `AtEndAfterFileList' on input line 134.
Package rerunfilecheck Info: File `main.out' has not changed.
(rerunfilecheck)             Checksum: D41D8CD98F00B204E9800998ECF8427E;0.


LaTeX Font Warning: Some font shapes were not available, defaults substituted.

Package atveryend Info: Empty hook `AtVeryVeryEnd' on input line 134.
 )
(\end occurred inside a group at level 1)

### simple group (level 1) entered at line 66 ({)
### bottom level 
Here is how much of TeX's memory you used:
 12103 strings out of 494510
 185103 string characters out of 6176140
 437568 words of memory out of 5000000
 15454 multiletter control sequences out of 15000+600000
 84337 words of font info for 85 fonts, out of 8000000 for 9000
 59 hyphenation exceptions out of 8191
 42i,6n,52p,387b,1282s stack positions out of 5000i,500n,10000p,200000b,80000s
 </home/manish/.texlive2018/texmf-var/fonts/pk/ljfour/jknappen/ec/ectt1440.600pk>{/usr/share/texlive/texmf-dist/fonts/enc/dvips/base/8r.enc} </home/manish/.texlive2018/texmf-var/fonts/pk/ljfour/jknappen/ec/ectt1200.600pk> </home/manish/.texlive2018/texmf-var/fonts/pk/ljfour/jknappen/ec/tcrm1200.600pk> </home/manish/.texlive2018/texmf-var/fonts/pk/ljfour/jknappen/ec/ecrm1000.600pk> </home/manish/.texlive2018/texmf-var/fonts/pk/ljfour/jknappen/ec/ecrm1200.600pk>{/usr/share/texmf/fonts/enc/dvips/tex-gyre/q-ec.enc} </home/manish/.texlive2018/texmf-var/fonts/pk/ljfour/jknappen/ec/ecrm1440.600pk> </home/manish/.texlive2018/texmf-var/fonts/pk/ljfour/jknappen/ec/ecrb1200.600pk> </home/manish/.texlive2018/texmf-var/fonts/pk/ljfour/jknappen/ec/ecrb2074.600pk></usr/share/texlive/texmf-dist/fonts/type1/public/fourier/fourier-ms.pfb></usr/share/texlive/texmf-dist/fonts/type1/adobe/utopia/putr8a.pfb></usr/share/texlive/texmf-dist/fonts/type1/adobe/utopia/putri8a.pfb></usr/share/texmf/fonts/type1/public/tex-gyre/qbkb.pfb></usr/share/texmf/fonts/type1/public/tex-gyre/qbkr.pfb>
Output written on /home/manish/Desktop/6th_Sem/COL331_OS/A3/Report/main.pdf (6 pages, 136959 bytes).
PDF statistics:
 338 PDF objects out of 1000 (max. 8388607)
 131 compressed objects within 2 object streams
 54 named destinations out of 1000 (max. 500000)
 18945 words of extra memory for PDF output out of 20736 (max. 10000000)

